c:\users\os\desktop\graphics\project\openglmeshloader19 - sky\debug\vc141.pdb
c:\users\os\desktop\graphics\project\openglmeshloader19 - sky\debug\vc141.idb
c:\users\os\desktop\graphics\project\openglmeshloader19 - sky\debug\openglmeshloader19.obj
c:\users\os\desktop\graphics\project\openglmeshloader19 - sky\debug\model_3ds.obj
c:\users\os\desktop\graphics\project\openglmeshloader19 - sky\debug\gltexture.obj
c:\users\os\desktop\graphics\openglmeshloader19 - sky\debug\vc141.pdb
c:\users\os\desktop\graphics\openglmeshloader19 - sky\debug\vc141.idb
c:\users\os\desktop\graphics\openglmeshloader19 - sky\debug\openglmeshloader19.obj
c:\users\os\desktop\graphics\openglmeshloader19 - sky\debug\model_3ds.obj
c:\users\os\desktop\graphics\openglmeshloader19 - sky\debug\gltexture.obj
c:\users\os\desktop\graphics\project\openglmeshloader19 - sky\debug\openglmeshloader19.exe
c:\users\os\desktop\graphics\project\openglmeshloader19 - sky\debug\openglmeshloader19.pdb
c:\users\os\desktop\graphics\openglmeshloader19 - sky\debug\vc142.idb
c:\users\os\desktop\graphics\openglmeshloader19 - sky\debug\openglmeshloader19.pdb
c:\users\os\desktop\graphics\openglmeshloader19 - sky\debug\vc142.pdb
c:\users\os\desktop\graphics\openglmeshloader19 - sky\debug\openglme.2ef40a3a.tlog\cl.command.1.tlog
c:\users\os\desktop\graphics\openglmeshloader19 - sky\debug\openglme.2ef40a3a.tlog\cl.read.1.tlog
c:\users\os\desktop\graphics\openglmeshloader19 - sky\debug\openglme.2ef40a3a.tlog\cl.write.1.tlog
c:\users\os\desktop\graphics\openglmeshloader19 - sky\debug\openglme.2ef40a3a.tlog\link.command.1.tlog
c:\users\os\desktop\graphics\openglmeshloader19 - sky\debug\openglme.2ef40a3a.tlog\link.read.1.tlog
c:\users\os\desktop\graphics\openglmeshloader19 - sky\debug\openglme.2ef40a3a.tlog\link.write.1.tlog
